[Wed Mar 19 2014 22:25:44 GMT+0800 (CST)] /favicon.ico
Error: ENOENT, open '/Users/jakeauyeung/Documents/Dev/github/mongodb-manage-tools/public/images/favicon.ico'
[Thu Mar 20 2014 00:14:40 GMT+0800 (CST)] /
ReferenceError: /Users/jakeauyeung/Documents/Dev/github/mongodb-manage-tools/views/index.ejs:2
    1| <% include header %>
 >> 2| <% if (user) { %>
    3| <% } else { %>
    4|     <div class="login-panel">
    5|     <h4><i class="fa fa-cog fa-spin"></i>&nbsp;<%= title %></h4>

user is not defined
    at eval (eval at <anonymous> (/Users/jakeauyeung/Documents/Dev/github/mongodb-manage-tools/node_modules/ejs/lib/ejs.js:237:14), <anonymous>:31:56)
    at eval (eval at <anonymous> (/Users/jakeauyeung/Documents/Dev/github/mongodb-manage-tools/node_modules/ejs/lib/ejs.js:237:14), <anonymous>:33:35)
    at /Users/jakeauyeung/Documents/Dev/github/mongodb-manage-tools/node_modules/ejs/lib/ejs.js:250:15
    at Object.exports.render (/Users/jakeauyeung/Documents/Dev/github/mongodb-manage-tools/node_modules/ejs/lib/ejs.js:288:13)
    at View.exports.renderFile [as engine] (/Users/jakeauyeung/Documents/Dev/github/mongodb-manage-tools/node_modules/ejs/lib/ejs.js:318:20)
    at View.render (/Users/jakeauyeung/Documents/Dev/github/mongodb-manage-tools/node_modules/express/lib/view.js:76:8)
    at Function.app.render (/Users/jakeauyeung/Documents/Dev/github/mongodb-manage-tools/node_modules/express/lib/application.js:504:10)
    at ServerResponse.res.render (/Users/jakeauyeung/Documents/Dev/github/mongodb-manage-tools/node_modules/express/lib/response.js:798:7)
    at /Users/jakeauyeung/Documents/Dev/github/mongodb-manage-tools/routes/index.js:11:7
    at callbacks (/Users/jakeauyeung/Documents/Dev/github/mongodb-manage-tools/node_modules/express/lib/router/index.js:164:37)
[Thu Mar 20 2014 00:14:44 GMT+0800 (CST)] /
ReferenceError: /Users/jakeauyeung/Documents/Dev/github/mongodb-manage-tools/views/index.ejs:2
    1| <% include header %>
 >> 2| <% if (user) { %>
    3| <% } else { %>
    4|     <div class="login-panel">
    5|     <h4><i class="fa fa-cog fa-spin"></i>&nbsp;<%= title %></h4>

user is not defined
    at eval (eval at <anonymous> (/Users/jakeauyeung/Documents/Dev/github/mongodb-manage-tools/node_modules/ejs/lib/ejs.js:237:14), <anonymous>:31:56)
    at eval (eval at <anonymous> (/Users/jakeauyeung/Documents/Dev/github/mongodb-manage-tools/node_modules/ejs/lib/ejs.js:237:14), <anonymous>:33:35)
    at /Users/jakeauyeung/Documents/Dev/github/mongodb-manage-tools/node_modules/ejs/lib/ejs.js:250:15
    at Object.exports.render (/Users/jakeauyeung/Documents/Dev/github/mongodb-manage-tools/node_modules/ejs/lib/ejs.js:288:13)
    at View.exports.renderFile [as engine] (/Users/jakeauyeung/Documents/Dev/github/mongodb-manage-tools/node_modules/ejs/lib/ejs.js:318:20)
    at View.render (/Users/jakeauyeung/Documents/Dev/github/mongodb-manage-tools/node_modules/express/lib/view.js:76:8)
    at Function.app.render (/Users/jakeauyeung/Documents/Dev/github/mongodb-manage-tools/node_modules/express/lib/application.js:504:10)
    at ServerResponse.res.render (/Users/jakeauyeung/Documents/Dev/github/mongodb-manage-tools/node_modules/express/lib/response.js:798:7)
    at /Users/jakeauyeung/Documents/Dev/github/mongodb-manage-tools/routes/index.js:11:7
    at callbacks (/Users/jakeauyeung/Documents/Dev/github/mongodb-manage-tools/node_modules/express/lib/router/index.js:164:37)
[Thu Mar 20 2014 00:14:56 GMT+0800 (CST)] /
ReferenceError: /Users/jakeauyeung/Documents/Dev/github/mongodb-manage-tools/views/index.ejs:2
    1| <% include header %>
 >> 2| <% if (user) { %>
    3| <% } else { %>
    4|     <div class="login-panel">
    5|     <h4><i class="fa fa-cog fa-spin"></i>&nbsp;<%= title %></h4>

user is not defined
    at eval (eval at <anonymous> (/Users/jakeauyeung/Documents/Dev/github/mongodb-manage-tools/node_modules/ejs/lib/ejs.js:237:14), <anonymous>:31:56)
    at eval (eval at <anonymous> (/Users/jakeauyeung/Documents/Dev/github/mongodb-manage-tools/node_modules/ejs/lib/ejs.js:237:14), <anonymous>:33:35)
    at /Users/jakeauyeung/Documents/Dev/github/mongodb-manage-tools/node_modules/ejs/lib/ejs.js:250:15
    at Object.exports.render (/Users/jakeauyeung/Documents/Dev/github/mongodb-manage-tools/node_modules/ejs/lib/ejs.js:288:13)
    at View.exports.renderFile [as engine] (/Users/jakeauyeung/Documents/Dev/github/mongodb-manage-tools/node_modules/ejs/lib/ejs.js:318:20)
    at View.render (/Users/jakeauyeung/Documents/Dev/github/mongodb-manage-tools/node_modules/express/lib/view.js:76:8)
    at Function.app.render (/Users/jakeauyeung/Documents/Dev/github/mongodb-manage-tools/node_modules/express/lib/application.js:504:10)
    at ServerResponse.res.render (/Users/jakeauyeung/Documents/Dev/github/mongodb-manage-tools/node_modules/express/lib/response.js:798:7)
    at /Users/jakeauyeung/Documents/Dev/github/mongodb-manage-tools/routes/index.js:11:7
    at callbacks (/Users/jakeauyeung/Documents/Dev/github/mongodb-manage-tools/node_modules/express/lib/router/index.js:164:37)
[Thu Mar 20 2014 00:15:17 GMT+0800 (CST)] /
ReferenceError: /Users/jakeauyeung/Documents/Dev/github/mongodb-manage-tools/views/index.ejs:2
    1| <% include header %>
 >> 2| <% if (user) { %>
    3| ok
    4| <% } else { %>
    5|     <div class="login-panel">

user is not defined
    at eval (eval at <anonymous> (/Users/jakeauyeung/Documents/Dev/github/mongodb-manage-tools/node_modules/ejs/lib/ejs.js:237:14), <anonymous>:31:56)
    at eval (eval at <anonymous> (/Users/jakeauyeung/Documents/Dev/github/mongodb-manage-tools/node_modules/ejs/lib/ejs.js:237:14), <anonymous>:33:35)
    at /Users/jakeauyeung/Documents/Dev/github/mongodb-manage-tools/node_modules/ejs/lib/ejs.js:250:15
    at Object.exports.render (/Users/jakeauyeung/Documents/Dev/github/mongodb-manage-tools/node_modules/ejs/lib/ejs.js:288:13)
    at View.exports.renderFile [as engine] (/Users/jakeauyeung/Documents/Dev/github/mongodb-manage-tools/node_modules/ejs/lib/ejs.js:318:20)
    at View.render (/Users/jakeauyeung/Documents/Dev/github/mongodb-manage-tools/node_modules/express/lib/view.js:76:8)
    at Function.app.render (/Users/jakeauyeung/Documents/Dev/github/mongodb-manage-tools/node_modules/express/lib/application.js:504:10)
    at ServerResponse.res.render (/Users/jakeauyeung/Documents/Dev/github/mongodb-manage-tools/node_modules/express/lib/response.js:798:7)
    at /Users/jakeauyeung/Documents/Dev/github/mongodb-manage-tools/routes/index.js:11:7
    at callbacks (/Users/jakeauyeung/Documents/Dev/github/mongodb-manage-tools/node_modules/express/lib/router/index.js:164:37)
[Thu Mar 20 2014 00:15:19 GMT+0800 (CST)] /
ReferenceError: /Users/jakeauyeung/Documents/Dev/github/mongodb-manage-tools/views/index.ejs:2
    1| <% include header %>
 >> 2| <% if (user) { %>
    3| ok
    4| <% } else { %>
    5|     <div class="login-panel">

user is not defined
    at eval (eval at <anonymous> (/Users/jakeauyeung/Documents/Dev/github/mongodb-manage-tools/node_modules/ejs/lib/ejs.js:237:14), <anonymous>:31:56)
    at eval (eval at <anonymous> (/Users/jakeauyeung/Documents/Dev/github/mongodb-manage-tools/node_modules/ejs/lib/ejs.js:237:14), <anonymous>:33:35)
    at /Users/jakeauyeung/Documents/Dev/github/mongodb-manage-tools/node_modules/ejs/lib/ejs.js:250:15
    at Object.exports.render (/Users/jakeauyeung/Documents/Dev/github/mongodb-manage-tools/node_modules/ejs/lib/ejs.js:288:13)
    at View.exports.renderFile [as engine] (/Users/jakeauyeung/Documents/Dev/github/mongodb-manage-tools/node_modules/ejs/lib/ejs.js:318:20)
    at View.render (/Users/jakeauyeung/Documents/Dev/github/mongodb-manage-tools/node_modules/express/lib/view.js:76:8)
    at Function.app.render (/Users/jakeauyeung/Documents/Dev/github/mongodb-manage-tools/node_modules/express/lib/application.js:504:10)
    at ServerResponse.res.render (/Users/jakeauyeung/Documents/Dev/github/mongodb-manage-tools/node_modules/express/lib/response.js:798:7)
    at /Users/jakeauyeung/Documents/Dev/github/mongodb-manage-tools/routes/index.js:11:7
    at callbacks (/Users/jakeauyeung/Documents/Dev/github/mongodb-manage-tools/node_modules/express/lib/router/index.js:164:37)
[Thu Mar 20 2014 00:15:19 GMT+0800 (CST)] /
ReferenceError: /Users/jakeauyeung/Documents/Dev/github/mongodb-manage-tools/views/index.ejs:2
    1| <% include header %>
 >> 2| <% if (user) { %>
    3| ok
    4| <% } else { %>
    5|     <div class="login-panel">

user is not defined
    at eval (eval at <anonymous> (/Users/jakeauyeung/Documents/Dev/github/mongodb-manage-tools/node_modules/ejs/lib/ejs.js:237:14), <anonymous>:31:56)
    at eval (eval at <anonymous> (/Users/jakeauyeung/Documents/Dev/github/mongodb-manage-tools/node_modules/ejs/lib/ejs.js:237:14), <anonymous>:33:35)
    at /Users/jakeauyeung/Documents/Dev/github/mongodb-manage-tools/node_modules/ejs/lib/ejs.js:250:15
    at Object.exports.render (/Users/jakeauyeung/Documents/Dev/github/mongodb-manage-tools/node_modules/ejs/lib/ejs.js:288:13)
    at View.exports.renderFile [as engine] (/Users/jakeauyeung/Documents/Dev/github/mongodb-manage-tools/node_modules/ejs/lib/ejs.js:318:20)
    at View.render (/Users/jakeauyeung/Documents/Dev/github/mongodb-manage-tools/node_modules/express/lib/view.js:76:8)
    at Function.app.render (/Users/jakeauyeung/Documents/Dev/github/mongodb-manage-tools/node_modules/express/lib/application.js:504:10)
    at ServerResponse.res.render (/Users/jakeauyeung/Documents/Dev/github/mongodb-manage-tools/node_modules/express/lib/response.js:798:7)
    at /Users/jakeauyeung/Documents/Dev/github/mongodb-manage-tools/routes/index.js:11:7
    at callbacks (/Users/jakeauyeung/Documents/Dev/github/mongodb-manage-tools/node_modules/express/lib/router/index.js:164:37)
[Thu Mar 20 2014 00:15:20 GMT+0800 (CST)] /
ReferenceError: /Users/jakeauyeung/Documents/Dev/github/mongodb-manage-tools/views/index.ejs:2
    1| <% include header %>
 >> 2| <% if (user) { %>
    3| ok
    4| <% } else { %>
    5|     <div class="login-panel">

user is not defined
    at eval (eval at <anonymous> (/Users/jakeauyeung/Documents/Dev/github/mongodb-manage-tools/node_modules/ejs/lib/ejs.js:237:14), <anonymous>:31:56)
    at eval (eval at <anonymous> (/Users/jakeauyeung/Documents/Dev/github/mongodb-manage-tools/node_modules/ejs/lib/ejs.js:237:14), <anonymous>:33:35)
    at /Users/jakeauyeung/Documents/Dev/github/mongodb-manage-tools/node_modules/ejs/lib/ejs.js:250:15
    at Object.exports.render (/Users/jakeauyeung/Documents/Dev/github/mongodb-manage-tools/node_modules/ejs/lib/ejs.js:288:13)
    at View.exports.renderFile [as engine] (/Users/jakeauyeung/Documents/Dev/github/mongodb-manage-tools/node_modules/ejs/lib/ejs.js:318:20)
    at View.render (/Users/jakeauyeung/Documents/Dev/github/mongodb-manage-tools/node_modules/express/lib/view.js:76:8)
    at Function.app.render (/Users/jakeauyeung/Documents/Dev/github/mongodb-manage-tools/node_modules/express/lib/application.js:504:10)
    at ServerResponse.res.render (/Users/jakeauyeung/Documents/Dev/github/mongodb-manage-tools/node_modules/express/lib/response.js:798:7)
    at /Users/jakeauyeung/Documents/Dev/github/mongodb-manage-tools/routes/index.js:11:7
    at callbacks (/Users/jakeauyeung/Documents/Dev/github/mongodb-manage-tools/node_modules/express/lib/router/index.js:164:37)
[Thu Mar 20 2014 00:15:46 GMT+0800 (CST)] /
ReferenceError: /Users/jakeauyeung/Documents/Dev/github/mongodb-manage-tools/views/index.ejs:2
    1| <% include header %>
 >> 2| <% if (user) { %>
    3| ok
    4| <% } else { %>
    5|     <div class="login-panel">

user is not defined
    at eval (eval at <anonymous> (/Users/jakeauyeung/Documents/Dev/github/mongodb-manage-tools/node_modules/ejs/lib/ejs.js:237:14), <anonymous>:31:56)
    at eval (eval at <anonymous> (/Users/jakeauyeung/Documents/Dev/github/mongodb-manage-tools/node_modules/ejs/lib/ejs.js:237:14), <anonymous>:33:35)
    at /Users/jakeauyeung/Documents/Dev/github/mongodb-manage-tools/node_modules/ejs/lib/ejs.js:250:15
    at Object.exports.render (/Users/jakeauyeung/Documents/Dev/github/mongodb-manage-tools/node_modules/ejs/lib/ejs.js:288:13)
    at View.exports.renderFile [as engine] (/Users/jakeauyeung/Documents/Dev/github/mongodb-manage-tools/node_modules/ejs/lib/ejs.js:318:20)
    at View.render (/Users/jakeauyeung/Documents/Dev/github/mongodb-manage-tools/node_modules/express/lib/view.js:76:8)
    at Function.app.render (/Users/jakeauyeung/Documents/Dev/github/mongodb-manage-tools/node_modules/express/lib/application.js:504:10)
    at ServerResponse.res.render (/Users/jakeauyeung/Documents/Dev/github/mongodb-manage-tools/node_modules/express/lib/response.js:798:7)
    at /Users/jakeauyeung/Documents/Dev/github/mongodb-manage-tools/routes/index.js:11:7
    at callbacks (/Users/jakeauyeung/Documents/Dev/github/mongodb-manage-tools/node_modules/express/lib/router/index.js:164:37)
[Thu Mar 20 2014 00:15:47 GMT+0800 (CST)] /
ReferenceError: /Users/jakeauyeung/Documents/Dev/github/mongodb-manage-tools/views/index.ejs:2
    1| <% include header %>
 >> 2| <% if (user) { %>
    3| ok
    4| <% } else { %>
    5|     <div class="login-panel">

user is not defined
    at eval (eval at <anonymous> (/Users/jakeauyeung/Documents/Dev/github/mongodb-manage-tools/node_modules/ejs/lib/ejs.js:237:14), <anonymous>:31:56)
    at eval (eval at <anonymous> (/Users/jakeauyeung/Documents/Dev/github/mongodb-manage-tools/node_modules/ejs/lib/ejs.js:237:14), <anonymous>:33:35)
    at /Users/jakeauyeung/Documents/Dev/github/mongodb-manage-tools/node_modules/ejs/lib/ejs.js:250:15
    at Object.exports.render (/Users/jakeauyeung/Documents/Dev/github/mongodb-manage-tools/node_modules/ejs/lib/ejs.js:288:13)
    at View.exports.renderFile [as engine] (/Users/jakeauyeung/Documents/Dev/github/mongodb-manage-tools/node_modules/ejs/lib/ejs.js:318:20)
    at View.render (/Users/jakeauyeung/Documents/Dev/github/mongodb-manage-tools/node_modules/express/lib/view.js:76:8)
    at Function.app.render (/Users/jakeauyeung/Documents/Dev/github/mongodb-manage-tools/node_modules/express/lib/application.js:504:10)
    at ServerResponse.res.render (/Users/jakeauyeung/Documents/Dev/github/mongodb-manage-tools/node_modules/express/lib/response.js:798:7)
    at /Users/jakeauyeung/Documents/Dev/github/mongodb-manage-tools/routes/index.js:11:7
    at callbacks (/Users/jakeauyeung/Documents/Dev/github/mongodb-manage-tools/node_modules/express/lib/router/index.js:164:37)
[Thu Mar 20 2014 00:15:48 GMT+0800 (CST)] /
ReferenceError: /Users/jakeauyeung/Documents/Dev/github/mongodb-manage-tools/views/index.ejs:2
    1| <% include header %>
 >> 2| <% if (user) { %>
    3| ok
    4| <% } else { %>
    5|     <div class="login-panel">

user is not defined
    at eval (eval at <anonymous> (/Users/jakeauyeung/Documents/Dev/github/mongodb-manage-tools/node_modules/ejs/lib/ejs.js:237:14), <anonymous>:31:56)
    at eval (eval at <anonymous> (/Users/jakeauyeung/Documents/Dev/github/mongodb-manage-tools/node_modules/ejs/lib/ejs.js:237:14), <anonymous>:33:35)
    at /Users/jakeauyeung/Documents/Dev/github/mongodb-manage-tools/node_modules/ejs/lib/ejs.js:250:15
    at Object.exports.render (/Users/jakeauyeung/Documents/Dev/github/mongodb-manage-tools/node_modules/ejs/lib/ejs.js:288:13)
    at View.exports.renderFile [as engine] (/Users/jakeauyeung/Documents/Dev/github/mongodb-manage-tools/node_modules/ejs/lib/ejs.js:318:20)
    at View.render (/Users/jakeauyeung/Documents/Dev/github/mongodb-manage-tools/node_modules/express/lib/view.js:76:8)
    at Function.app.render (/Users/jakeauyeung/Documents/Dev/github/mongodb-manage-tools/node_modules/express/lib/application.js:504:10)
    at ServerResponse.res.render (/Users/jakeauyeung/Documents/Dev/github/mongodb-manage-tools/node_modules/express/lib/response.js:798:7)
    at /Users/jakeauyeung/Documents/Dev/github/mongodb-manage-tools/routes/index.js:11:7
    at callbacks (/Users/jakeauyeung/Documents/Dev/github/mongodb-manage-tools/node_modules/express/lib/router/index.js:164:37)
[Thu Mar 20 2014 00:16:23 GMT+0800 (CST)] /
ReferenceError: /Users/jakeauyeung/Documents/Dev/github/mongodb-manage-tools/views/index.ejs:2
    1| <% include header %>
 >> 2| <% if (user) { %>
    3| <%= title %>
    4| <% } else { %>
    5|     <div class="login-panel">

user is not defined
    at eval (eval at <anonymous> (/Users/jakeauyeung/Documents/Dev/github/mongodb-manage-tools/node_modules/ejs/lib/ejs.js:237:14), <anonymous>:31:56)
    at eval (eval at <anonymous> (/Users/jakeauyeung/Documents/Dev/github/mongodb-manage-tools/node_modules/ejs/lib/ejs.js:237:14), <anonymous>:33:35)
    at /Users/jakeauyeung/Documents/Dev/github/mongodb-manage-tools/node_modules/ejs/lib/ejs.js:250:15
    at Object.exports.render (/Users/jakeauyeung/Documents/Dev/github/mongodb-manage-tools/node_modules/ejs/lib/ejs.js:288:13)
    at View.exports.renderFile [as engine] (/Users/jakeauyeung/Documents/Dev/github/mongodb-manage-tools/node_modules/ejs/lib/ejs.js:318:20)
    at View.render (/Users/jakeauyeung/Documents/Dev/github/mongodb-manage-tools/node_modules/express/lib/view.js:76:8)
    at Function.app.render (/Users/jakeauyeung/Documents/Dev/github/mongodb-manage-tools/node_modules/express/lib/application.js:504:10)
    at ServerResponse.res.render (/Users/jakeauyeung/Documents/Dev/github/mongodb-manage-tools/node_modules/express/lib/response.js:798:7)
    at /Users/jakeauyeung/Documents/Dev/github/mongodb-manage-tools/routes/index.js:11:7
    at callbacks (/Users/jakeauyeung/Documents/Dev/github/mongodb-manage-tools/node_modules/express/lib/router/index.js:164:37)
[Thu Mar 20 2014 00:16:25 GMT+0800 (CST)] /
ReferenceError: /Users/jakeauyeung/Documents/Dev/github/mongodb-manage-tools/views/index.ejs:2
    1| <% include header %>
 >> 2| <% if (user) { %>
    3| <%= title %>
    4| <% } else { %>
    5|     <div class="login-panel">

user is not defined
    at eval (eval at <anonymous> (/Users/jakeauyeung/Documents/Dev/github/mongodb-manage-tools/node_modules/ejs/lib/ejs.js:237:14), <anonymous>:31:56)
    at eval (eval at <anonymous> (/Users/jakeauyeung/Documents/Dev/github/mongodb-manage-tools/node_modules/ejs/lib/ejs.js:237:14), <anonymous>:33:35)
    at /Users/jakeauyeung/Documents/Dev/github/mongodb-manage-tools/node_modules/ejs/lib/ejs.js:250:15
    at Object.exports.render (/Users/jakeauyeung/Documents/Dev/github/mongodb-manage-tools/node_modules/ejs/lib/ejs.js:288:13)
    at View.exports.renderFile [as engine] (/Users/jakeauyeung/Documents/Dev/github/mongodb-manage-tools/node_modules/ejs/lib/ejs.js:318:20)
    at View.render (/Users/jakeauyeung/Documents/Dev/github/mongodb-manage-tools/node_modules/express/lib/view.js:76:8)
    at Function.app.render (/Users/jakeauyeung/Documents/Dev/github/mongodb-manage-tools/node_modules/express/lib/application.js:504:10)
    at ServerResponse.res.render (/Users/jakeauyeung/Documents/Dev/github/mongodb-manage-tools/node_modules/express/lib/response.js:798:7)
    at /Users/jakeauyeung/Documents/Dev/github/mongodb-manage-tools/routes/index.js:11:7
    at callbacks (/Users/jakeauyeung/Documents/Dev/github/mongodb-manage-tools/node_modules/express/lib/router/index.js:164:37)
[Thu Mar 20 2014 09:52:14 GMT+0800 (China Standard Time)] /stylesheets/css/style.css
TypeError: Object #<Object> has no method 'match'
    at module.exports.locate (f:\GitHub\mongodb-manage-tools\node_modules\less-middleware\lib\determine-imports.js:49:17)
    at process_import_rule (f:\GitHub\mongodb-manage-tools\node_modules\less-middleware\lib\determine-imports.js:34:20)
    at f:\GitHub\mongodb-manage-tools\node_modules\less-middleware\lib\determine-imports.js:28:5
    at Array.forEach (native)
    at module.exports.process_tree_node (f:\GitHub\mongodb-manage-tools\node_modules\less-middleware\lib\determine-imports.js:27:16)
    at module.exports (f:\GitHub\mongodb-manage-tools\node_modules\less-middleware\lib\determine-imports.js:10:3)
    at f:\GitHub\mongodb-manage-tools\node_modules\less-middleware\lib\middleware.js:116:29
    at Object.finish [as _finish] (f:\GitHub\mongodb-manage-tools\node_modules\less-middleware\node_modules\less\lib\less\parser.js:669:28)
    at Object.subFinish [as _finish] (f:\GitHub\mongodb-manage-tools\node_modules\less-middleware\node_modules\less\lib\less\import-visitor.js:63:47)
    at Object.tree.importVisitor.run (f:\GitHub\mongodb-manage-tools\node_modules\less-middleware\node_modules\less\lib\less\import-visitor.js:25:22)
[Thu Mar 20 2014 09:52:15 GMT+0800 (China Standard Time)] /stylesheets/css/style.css
TypeError: Object #<Object> has no method 'match'
    at module.exports.locate (f:\GitHub\mongodb-manage-tools\node_modules\less-middleware\lib\determine-imports.js:49:17)
    at process_import_rule (f:\GitHub\mongodb-manage-tools\node_modules\less-middleware\lib\determine-imports.js:34:20)
    at f:\GitHub\mongodb-manage-tools\node_modules\less-middleware\lib\determine-imports.js:28:5
    at Array.forEach (native)
    at module.exports.process_tree_node (f:\GitHub\mongodb-manage-tools\node_modules\less-middleware\lib\determine-imports.js:27:16)
    at module.exports (f:\GitHub\mongodb-manage-tools\node_modules\less-middleware\lib\determine-imports.js:10:3)
    at f:\GitHub\mongodb-manage-tools\node_modules\less-middleware\lib\middleware.js:116:29
    at Object.finish [as _finish] (f:\GitHub\mongodb-manage-tools\node_modules\less-middleware\node_modules\less\lib\less\parser.js:669:28)
    at Object.subFinish [as _finish] (f:\GitHub\mongodb-manage-tools\node_modules\less-middleware\node_modules\less\lib\less\import-visitor.js:63:47)
    at Object.tree.importVisitor.run (f:\GitHub\mongodb-manage-tools\node_modules\less-middleware\node_modules\less\lib\less\import-visitor.js:25:22)
[Thu Mar 20 2014 10:00:16 GMT+0800 (China Standard Time)] /stylesheets/css/style.css
undefined
[Thu Mar 20 2014 10:00:18 GMT+0800 (China Standard Time)] /stylesheets/css/style.css
undefined
[Thu Mar 20 2014 10:26:13 GMT+0800 (China Standard Time)] /add
SyntaxError: Unexpected token ) in "f:\\GitHub\\mongodb-manage-tools\\views\\add.ejs"
    at Object.Function (<anonymous>)
    at exports.compile (f:\GitHub\mongodb-manage-tools\node_modules\ejs\lib\ejs.js:237:14)
    at Object.exports.render (f:\GitHub\mongodb-manage-tools\node_modules\ejs\lib\ejs.js:284:10)
    at View.exports.renderFile [as engine] (f:\GitHub\mongodb-manage-tools\node_modules\ejs\lib\ejs.js:318:20)
    at View.render (f:\GitHub\mongodb-manage-tools\node_modules\express\lib\view.js:76:8)
    at Function.app.render (f:\GitHub\mongodb-manage-tools\node_modules\express\lib\application.js:504:10)
    at ServerResponse.res.render (f:\GitHub\mongodb-manage-tools\node_modules\express\lib\response.js:798:7)
    at f:\GitHub\mongodb-manage-tools\routes\index.js:83:8
    at callbacks (f:\GitHub\mongodb-manage-tools\node_modules\express\lib\router\index.js:164:37)
    at param (f:\GitHub\mongodb-manage-tools\node_modules\express\lib\router\index.js:138:11)
[Thu Mar 20 2014 10:26:31 GMT+0800 (China Standard Time)] /add
SyntaxError: Unexpected token ) in "f:\\GitHub\\mongodb-manage-tools\\views\\add.ejs"
    at Object.Function (<anonymous>)
    at exports.compile (f:\GitHub\mongodb-manage-tools\node_modules\ejs\lib\ejs.js:237:14)
    at Object.exports.render (f:\GitHub\mongodb-manage-tools\node_modules\ejs\lib\ejs.js:284:10)
    at View.exports.renderFile [as engine] (f:\GitHub\mongodb-manage-tools\node_modules\ejs\lib\ejs.js:318:20)
    at View.render (f:\GitHub\mongodb-manage-tools\node_modules\express\lib\view.js:76:8)
    at Function.app.render (f:\GitHub\mongodb-manage-tools\node_modules\express\lib\application.js:504:10)
    at ServerResponse.res.render (f:\GitHub\mongodb-manage-tools\node_modules\express\lib\response.js:798:7)
    at f:\GitHub\mongodb-manage-tools\routes\index.js:83:8
    at callbacks (f:\GitHub\mongodb-manage-tools\node_modules\express\lib\router\index.js:164:37)
    at param (f:\GitHub\mongodb-manage-tools\node_modules\express\lib\router\index.js:138:11)
[Thu Mar 20 2014 15:11:27 GMT+0800 (China Standard Time)] /add
TypeError: Cannot use 'in' operator to search for '_id' in [{"id":2333,"recommend":89,"title":"测试一下你的危机意识如何","detail":"<center><b>测试一下你的危机意识如何</b></center>","themes":[{"title":"一头乳牛正从牛舍里出来吃草，请你凭直觉判断，它将走至哪一处觅食？","theme":[["山脚下",1,0],["大树下",2,0],["河流旁",3,0],["栅栏农舍旁",4,0]]}],"results":[[1,1,"<p>1、你的危机意识很强，甚至有点杞人忧天！也许很容易的事，被你天天惦念着，久而久之也变成困难的。放开心胸，天塌下来有高个子顶着！</p>"],[2,2,"<p>2、你是属于高唱快乐得不得了的人，一天到晚无忧无虑，你认为船到桥头自然直，没啥好怕的。唉，如此乐天知命，天底下恐怕像你这么乐观的人已经不多了。</p>"],[3,3,"<p>3、你成天迷迷糊糊的，记性又不好，总是要人家提醒你才会有危机意识，但是一会儿之后，又完全不记得危机意识是什么东西了！你怎么像个老顽童似的？</p>"],[4,4,"<p>4、你的确满有危机意识的，跟你在一块儿的人也被你强迫一起危机意识，简直是思想强暴嘛！不过你所担心的事的确有点担心的价值！也就是说，你没事瞎紧张，反而常常未雨绸缪！</p>"]]}]
    at model.Document.$__buildDoc (f:\GitHub\mongodb-manage-tools\node_modules\mongoose\lib\document.js:158:27)
    at model.Document (f:\GitHub\mongodb-manage-tools\node_modules\mongoose\lib\document.js:57:20)
    at model.Model (f:\GitHub\mongodb-manage-tools\node_modules\mongoose\lib\model.js:43:12)
    at new model (f:\GitHub\mongodb-manage-tools\node_modules\mongoose\lib\model.js:2498:11)
    at DataDAO.save (f:\GitHub\mongodb-manage-tools\models\ceshiti.js:22:18)
    at exports.doAdd (f:\GitHub\mongodb-manage-tools\routes\ceshi.js:22:13)
    at callbacks (f:\GitHub\mongodb-manage-tools\node_modules\express\lib\router\index.js:164:37)
    at param (f:\GitHub\mongodb-manage-tools\node_modules\express\lib\router\index.js:138:11)
    at pass (f:\GitHub\mongodb-manage-tools\node_modules\express\lib\router\index.js:145:5)
    at Router._dispatch (f:\GitHub\mongodb-manage-tools\node_modules\express\lib\router\index.js:173:5)
[Thu Mar 20 2014 15:12:12 GMT+0800 (China Standard Time)] /add
TypeError: Cannot use 'in' operator to search for '_id' in [{"id":2333,"recommend":89,"title":"测试一下你的危机意识如何","detail":"<center><b>测试一下你的危机意识如何</b></center>","themes":[{"title":"一头乳牛正从牛舍里出来吃草，请你凭直觉判断，它将走至哪一处觅食？","theme":[["山脚下",1,0],["大树下",2,0],["河流旁",3,0],["栅栏农舍旁",4,0]]}],"results":[[1,1,"<p>1、你的危机意识很强，甚至有点杞人忧天！也许很容易的事，被你天天惦念着，久而久之也变成困难的。放开心胸，天塌下来有高个子顶着！</p>"],[2,2,"<p>2、你是属于高唱快乐得不得了的人，一天到晚无忧无虑，你认为船到桥头自然直，没啥好怕的。唉，如此乐天知命，天底下恐怕像你这么乐观的人已经不多了。</p>"],[3,3,"<p>3、你成天迷迷糊糊的，记性又不好，总是要人家提醒你才会有危机意识，但是一会儿之后，又完全不记得危机意识是什么东西了！你怎么像个老顽童似的？</p>"],[4,4,"<p>4、你的确满有危机意识的，跟你在一块儿的人也被你强迫一起危机意识，简直是思想强暴嘛！不过你所担心的事的确有点担心的价值！也就是说，你没事瞎紧张，反而常常未雨绸缪！</p>"]]}]
    at model.Document.$__buildDoc (f:\GitHub\mongodb-manage-tools\node_modules\mongoose\lib\document.js:158:27)
    at model.Document (f:\GitHub\mongodb-manage-tools\node_modules\mongoose\lib\document.js:57:20)
    at model.Model (f:\GitHub\mongodb-manage-tools\node_modules\mongoose\lib\model.js:43:12)
    at new model (f:\GitHub\mongodb-manage-tools\node_modules\mongoose\lib\model.js:2498:11)
    at DataDAO.save (f:\GitHub\mongodb-manage-tools\models\ceshiti.js:22:18)
    at exports.doAdd (f:\GitHub\mongodb-manage-tools\routes\ceshi.js:22:13)
    at callbacks (f:\GitHub\mongodb-manage-tools\node_modules\express\lib\router\index.js:164:37)
    at param (f:\GitHub\mongodb-manage-tools\node_modules\express\lib\router\index.js:138:11)
    at pass (f:\GitHub\mongodb-manage-tools\node_modules\express\lib\router\index.js:145:5)
    at Router._dispatch (f:\GitHub\mongodb-manage-tools\node_modules\express\lib\router\index.js:173:5)
[Thu Mar 20 2014 15:15:18 GMT+0800 (China Standard Time)] /add
TypeError: Cannot read property '0' of undefined
    at exports.doAdd (f:\GitHub\mongodb-manage-tools\routes\ceshi.js:20:24)
    at callbacks (f:\GitHub\mongodb-manage-tools\node_modules\express\lib\router\index.js:164:37)
    at param (f:\GitHub\mongodb-manage-tools\node_modules\express\lib\router\index.js:138:11)
    at pass (f:\GitHub\mongodb-manage-tools\node_modules\express\lib\router\index.js:145:5)
    at Router._dispatch (f:\GitHub\mongodb-manage-tools\node_modules\express\lib\router\index.js:173:5)
    at Object.router (f:\GitHub\mongodb-manage-tools\node_modules\express\lib\router\index.js:33:10)
    at next (f:\GitHub\mongodb-manage-tools\node_modules\express\node_modules\connect\lib\proto.js:193:15)
    at next (f:\GitHub\mongodb-manage-tools\node_modules\express\node_modules\connect\lib\middleware\session.js:315:9)
    at f:\GitHub\mongodb-manage-tools\node_modules\express\node_modules\connect\lib\middleware\session.js:339:9
    at f:\GitHub\mongodb-manage-tools\node_modules\connect-mongo\lib\connect-mongo.js:220:17
[Thu Mar 20 2014 15:20:51 GMT+0800 (China Standard Time)] /add
SyntaxError: Unexpected end of input
    at Object.parse (native)
    at exports.doAdd (f:\GitHub\mongodb-manage-tools\routes\ceshi.js:18:19)
    at callbacks (f:\GitHub\mongodb-manage-tools\node_modules\express\lib\router\index.js:164:37)
    at param (f:\GitHub\mongodb-manage-tools\node_modules\express\lib\router\index.js:138:11)
    at pass (f:\GitHub\mongodb-manage-tools\node_modules\express\lib\router\index.js:145:5)
    at Router._dispatch (f:\GitHub\mongodb-manage-tools\node_modules\express\lib\router\index.js:173:5)
    at Object.router (f:\GitHub\mongodb-manage-tools\node_modules\express\lib\router\index.js:33:10)
    at next (f:\GitHub\mongodb-manage-tools\node_modules\express\node_modules\connect\lib\proto.js:193:15)
    at next (f:\GitHub\mongodb-manage-tools\node_modules\express\node_modules\connect\lib\middleware\session.js:315:9)
    at f:\GitHub\mongodb-manage-tools\node_modules\express\node_modules\connect\lib\middleware\session.js:339:9
[Thu Mar 20 2014 15:26:45 GMT+0800 (China Standard Time)] /add
TypeError: Cannot use 'in' operator to search for '_id' in {"name":"未来警察","alias":["Future X-Cops ","Mei loi ging chaat"],"publish":"2010-04-29","images":{"coverBig":"/img/movie/1_big.jpg","coverSmall":"/img/movie/1_small.jpg"},"source":[{"source":"优酷","link":"http://www.youku.com","swfLink":"http://player.youku.com/player.php/sid/XMTY4NzM5ODc2/v.swf","quality":"高清","version":"正片","lang":"汉语","subtitle":"中文字幕"},{"source":"搜狐","link":"http://tv.sohu.com","swfLink":"http://share.vrs.sohu.com/75837/v.swf&topBar=1&autoplay=false&plid=3860&pub_catecode=","quality":"高清","version":"正片","lang":"汉语","subtitle":"中文字幕"}]}
    at model.Document.$__buildDoc (f:\GitHub\mongodb-manage-tools\node_modules\mongoose\lib\document.js:158:27)
    at model.Document (f:\GitHub\mongodb-manage-tools\node_modules\mongoose\lib\document.js:57:20)
    at model.Model (f:\GitHub\mongodb-manage-tools\node_modules\mongoose\lib\model.js:43:12)
    at new model (f:\GitHub\mongodb-manage-tools\node_modules\mongoose\lib\model.js:2498:11)
    at DataDAO.save (f:\GitHub\mongodb-manage-tools\models\ceshiti.js:29:18)
    at exports.doAdd (f:\GitHub\mongodb-manage-tools\routes\ceshi.js:25:13)
    at callbacks (f:\GitHub\mongodb-manage-tools\node_modules\express\lib\router\index.js:164:37)
    at param (f:\GitHub\mongodb-manage-tools\node_modules\express\lib\router\index.js:138:11)
    at pass (f:\GitHub\mongodb-manage-tools\node_modules\express\lib\router\index.js:145:5)
    at Router._dispatch (f:\GitHub\mongodb-manage-tools\node_modules\express\lib\router\index.js:173:5)
[Thu Mar 20 2014 15:26:49 GMT+0800 (China Standard Time)] /add
TypeError: Cannot use 'in' operator to search for '_id' in {"name":"未来警察","alias":["Future X-Cops ","Mei loi ging chaat"],"publish":"2010-04-29","images":{"coverBig":"/img/movie/1_big.jpg","coverSmall":"/img/movie/1_small.jpg"},"source":[{"source":"优酷","link":"http://www.youku.com","swfLink":"http://player.youku.com/player.php/sid/XMTY4NzM5ODc2/v.swf","quality":"高清","version":"正片","lang":"汉语","subtitle":"中文字幕"},{"source":"搜狐","link":"http://tv.sohu.com","swfLink":"http://share.vrs.sohu.com/75837/v.swf&topBar=1&autoplay=false&plid=3860&pub_catecode=","quality":"高清","version":"正片","lang":"汉语","subtitle":"中文字幕"}]}
    at model.Document.$__buildDoc (f:\GitHub\mongodb-manage-tools\node_modules\mongoose\lib\document.js:158:27)
    at model.Document (f:\GitHub\mongodb-manage-tools\node_modules\mongoose\lib\document.js:57:20)
    at model.Model (f:\GitHub\mongodb-manage-tools\node_modules\mongoose\lib\model.js:43:12)
    at new model (f:\GitHub\mongodb-manage-tools\node_modules\mongoose\lib\model.js:2498:11)
    at DataDAO.save (f:\GitHub\mongodb-manage-tools\models\ceshiti.js:29:18)
    at exports.doAdd (f:\GitHub\mongodb-manage-tools\routes\ceshi.js:25:13)
    at callbacks (f:\GitHub\mongodb-manage-tools\node_modules\express\lib\router\index.js:164:37)
    at param (f:\GitHub\mongodb-manage-tools\node_modules\express\lib\router\index.js:138:11)
    at pass (f:\GitHub\mongodb-manage-tools\node_modules\express\lib\router\index.js:145:5)
    at Router._dispatch (f:\GitHub\mongodb-manage-tools\node_modules\express\lib\router\index.js:173:5)
